[12/Jan/2017 10:35:49] "GET /combination HTTP/1.1" 200 6187
[12/Jan/2017 10:36:24] "GET / HTTP/1.1" 200 12
Not Found: /favicon.ico
[12/Jan/2017 10:36:24] "GET /favicon.ico HTTP/1.1" 404 2554
[12/Jan/2017 10:36:32] "GET /combination HTTP/1.1" 200 6187
[12/Jan/2017 10:36:32] "GET /static/tycoon/style.css HTTP/1.1" 200 1138
[12/Jan/2017 10:36:33] "GET /media/images/icon/jangjjal.png HTTP/1.1" 200 19746
[12/Jan/2017 10:36:33] "GET /static/tycoon/plus.png HTTP/1.1" 200 2825
[12/Jan/2017 10:36:33] "GET /media/images/icon/youngjjal.png HTTP/1.1" 200 20055
[12/Jan/2017 10:36:33] "GET /media/images/icon/soju.png HTTP/1.1" 200 19249
[12/Jan/2017 10:36:33] "GET /media/images/icon/couple.png HTTP/1.1" 200 19738
[12/Jan/2017 10:36:33] "GET /static/tycoon/poapper.png HTTP/1.1" 200 45426
[12/Jan/2017 11:17:53] "GET /combination HTTP/1.1" 200 6187
[12/Jan/2017 11:17:53] "GET /static/tycoon/style.css HTTP/1.1" 200 1138
[12/Jan/2017 11:17:53] "GET /media/images/icon/jangjjal.png HTTP/1.1" 200 19746
[12/Jan/2017 11:17:53] "GET /static/tycoon/plus.png HTTP/1.1" 200 2825
[12/Jan/2017 11:17:53] "GET /media/images/icon/youngjjal.png HTTP/1.1" 200 20055
[12/Jan/2017 11:17:53] "GET /media/images/icon/soju.png HTTP/1.1" 200 19249
[12/Jan/2017 11:17:53] "GET /media/images/icon/couple.png HTTP/1.1" 200 19738
[12/Jan/2017 11:17:53] "GET /static/tycoon/poapper.png HTTP/1.1" 200 45426
Not Found: /favicon.ico
[12/Jan/2017 11:17:54] "GET /favicon.ico HTTP/1.1" 404 2554
[12/Jan/2017 11:17:57] "GET / HTTP/1.1" 200 12
Not Found: /favicon.ico
[12/Jan/2017 11:17:57] "GET /favicon.ico HTTP/1.1" 404 2554
[12/Jan/2017 11:18:01] "GET / HTTP/1.1" 200 12
[12/Jan/2017 11:18:04] "GET /combination HTTP/1.1" 200 6187
[12/Jan/2017 11:18:04] "GET /static/tycoon/style.css HTTP/1.1" 200 1138
[12/Jan/2017 11:18:04] "GET /media/images/icon/jangjjal.png HTTP/1.1" 200 19746
[12/Jan/2017 11:18:04] "GET /static/tycoon/plus.png HTTP/1.1" 200 2825
[12/Jan/2017 11:18:04] "GET /media/images/icon/youngjjal.png HTTP/1.1" 200 20055
[12/Jan/2017 11:18:04] "GET /media/images/icon/soju.png HTTP/1.1" 200 19249
[12/Jan/2017 11:18:05] "GET /media/images/icon/couple.png HTTP/1.1" 200 19738
[12/Jan/2017 11:18:05] "GET /static/tycoon/poapper.png HTTP/1.1" 200 45426
[12/Jan/2017 11:18:14] "GET /combination HTTP/1.1" 200 6187
[12/Jan/2017 11:18:14] "GET /media/images/icon/youngjjal.png HTTP/1.1" 200 20055
[12/Jan/2017 11:18:14] "GET /static/tycoon/style.css HTTP/1.1" 200 1138
[12/Jan/2017 11:18:14] "GET /media/images/icon/couple.png HTTP/1.1" 200 19738
[12/Jan/2017 11:18:14] "GET /static/tycoon/plus.png HTTP/1.1" 200 2825
[12/Jan/2017 11:18:14] "GET /media/images/icon/jangjjal.png HTTP/1.1" 200 19746
[12/Jan/2017 11:18:14] "GET /media/images/icon/soju.png HTTP/1.1" 200 19249
[12/Jan/2017 11:18:15] "GET /static/tycoon/poapper.png HTTP/1.1" 200 45426
[12/Jan/2017 11:18:16] "GET /combination HTTP/1.1" 200 6187
[12/Jan/2017 11:18:16] "GET /static/tycoon/style.css HTTP/1.1" 200 1138
[12/Jan/2017 11:18:16] "GET /media/images/icon/jangjjal.png HTTP/1.1" 200 19746
[12/Jan/2017 11:18:16] "GET /static/tycoon/plus.png HTTP/1.1" 200 2825
[12/Jan/2017 11:18:16] "GET /media/images/icon/youngjjal.png HTTP/1.1" 200 20055
[12/Jan/2017 11:18:16] "GET /media/images/icon/soju.png HTTP/1.1" 200 19249
[12/Jan/2017 11:18:16] "GET /media/images/icon/couple.png HTTP/1.1" 200 19738
[12/Jan/2017 11:18:17] "GET /static/tycoon/poapper.png HTTP/1.1" 200 45426
Not Found: /favicon.ico
[12/Jan/2017 11:18:17] "GET /favicon.ico HTTP/1.1" 404 2554
[12/Jan/2017 11:18:18] "GET /combination HTTP/1.1" 200 6187
[12/Jan/2017 11:18:19] "GET /static/tycoon/style.css HTTP/1.1" 200 1138
[12/Jan/2017 11:18:26] "GET /media/images/icon/jangjjal.png HTTP/1.1" 200 19746
[12/Jan/2017 11:18:27] "GET /combination HTTP/1.1" 200 6187
[12/Jan/2017 11:18:27] "GET /static/tycoon/style.css HTTP/1.1" 200 1138
[12/Jan/2017 11:18:28] "GET /media/images/icon/jangjjal.png HTTP/1.1" 200 19746
[12/Jan/2017 11:18:28] "GET /static/tycoon/plus.png HTTP/1.1" 200 2825
[12/Jan/2017 11:18:28] "GET /media/images/icon/youngjjal.png HTTP/1.1" 200 20055
[12/Jan/2017 11:18:28] "GET /media/images/icon/soju.png HTTP/1.1" 200 19249
[12/Jan/2017 11:18:28] "GET /static/tycoon/plus.png HTTP/1.1" 200 2825
[12/Jan/2017 11:18:28] "GET /combination HTTP/1.1" 200 6187
[12/Jan/2017 11:18:28] "GET /media/images/icon/couple.png HTTP/1.1" 200 19738
[12/Jan/2017 11:18:29] "GET /static/tycoon/poapper.png HTTP/1.1" 200 45426
[12/Jan/2017 11:18:29] "GET /media/images/icon/youngjjal.png HTTP/1.1" 200 20055
Not Found: /favicon.ico
[12/Jan/2017 11:18:29] "GET /favicon.ico HTTP/1.1" 404 2554
[12/Jan/2017 11:18:31] "GET /combination HTTP/1.1" 200 6187
[12/Jan/2017 11:18:31] "GET /static/tycoon/style.css HTTP/1.1" 200 1138
[12/Jan/2017 11:18:32] "GET /media/images/icon/jangjjal.png HTTP/1.1" 200 19746
[12/Jan/2017 11:18:32] "GET /static/tycoon/plus.png HTTP/1.1" 200 2825
[12/Jan/2017 11:18:33] "GET /media/images/icon/youngjjal.png HTTP/1.1" 200 20055
[12/Jan/2017 11:18:33] "GET /media/images/icon/soju.png HTTP/1.1" 200 19249
[12/Jan/2017 11:18:33] "GET /media/images/icon/couple.png HTTP/1.1" 200 19738
[12/Jan/2017 11:18:33] "GET /static/tycoon/poapper.png HTTP/1.1" 200 45426
Not Found: /favicon.ico
[12/Jan/2017 11:18:34] "GET /favicon.ico HTTP/1.1" 404 2554
[12/Jan/2017 11:18:57] "GET /combination HTTP/1.1" 200 6187
[12/Jan/2017 11:18:57] "GET /static/tycoon/style.css HTTP/1.1" 200 1138
[12/Jan/2017 11:18:57] "GET /media/images/icon/jangjjal.png HTTP/1.1" 200 19746
[12/Jan/2017 11:18:57] "GET /static/tycoon/plus.png HTTP/1.1" 200 2825
[12/Jan/2017 11:18:57] "GET /media/images/icon/youngjjal.png HTTP/1.1" 200 20055
[12/Jan/2017 11:18:58] "GET /media/images/icon/soju.png HTTP/1.1" 200 19249
[12/Jan/2017 11:18:58] "GET /media/images/icon/couple.png HTTP/1.1" 200 19738
[12/Jan/2017 11:18:58] "GET /static/tycoon/poapper.png HTTP/1.1" 200 45426
Not Found: /favicon.ico
[12/Jan/2017 11:18:59] "GET /favicon.ico HTTP/1.1" 404 2554
[12/Jan/2017 11:19:00] "GET /media/images/icon/youngjjal.png HTTP/1.1" 200 20055
[12/Jan/2017 11:19:03] "GET /admin HTTP/1.1" 301 0
[12/Jan/2017 11:19:03] "GET /admin/ HTTP/1.1" 302 0
[12/Jan/2017 11:19:03] "GET /admin/login/?next=/admin/ HTTP/1.1" 200 1679
[12/Jan/2017 11:19:03] "GET /static/admin/css/base.css HTTP/1.1" 200 15897
[12/Jan/2017 11:19:03] "GET /static/admin/css/login.css HTTP/1.1" 200 1203
[12/Jan/2017 11:19:03] "GET /static/admin/css/fonts.css HTTP/1.1" 200 423
[12/Jan/2017 11:19:03] "GET /static/admin/fonts/Roboto-Light-webfont.woff HTTP/1.1" 200 81348
[12/Jan/2017 11:19:03] "GET /static/admin/fonts/Roboto-Regular-webfont.woff HTTP/1.1" 200 80304
[12/Jan/2017 11:19:08] "POST /admin/login/?next=/admin/ HTTP/1.1" 302 0
[12/Jan/2017 11:19:08] "GET /admin/ HTTP/1.1" 200 7964
[12/Jan/2017 11:19:08] "GET /static/admin/css/dashboard.css HTTP/1.1" 200 434
[12/Jan/2017 11:19:08] "GET /static/admin/img/icon-addlink.svg HTTP/1.1" 200 331
[12/Jan/2017 11:19:08] "GET /static/admin/img/icon-changelink.svg HTTP/1.1" 200 380
[12/Jan/2017 11:19:08] "GET /static/admin/fonts/Roboto-Bold-webfont.woff HTTP/1.1" 200 82564
[12/Jan/2017 11:19:12] "GET /admin/tycoon/avatar/ HTTP/1.1" 200 4571
[12/Jan/2017 11:19:12] "GET /static/admin/js/admin/RelatedObjectLookups.js HTTP/1.1" 200 7171
[12/Jan/2017 11:19:12] "GET /static/admin/js/core.js HTTP/1.1" 200 8366
[12/Jan/2017 11:19:12] "GET /static/admin/js/jquery.init.js HTTP/1.1" 200 363
[12/Jan/2017 11:19:12] "GET /static/admin/css/changelists.css HTTP/1.1" 200 6100
[12/Jan/2017 11:19:12] "GET /static/admin/js/actions.js HTTP/1.1" 200 6259
[12/Jan/2017 11:19:12] "GET /static/admin/js/urlify.js HTTP/1.1" 200 7693
[12/Jan/2017 11:19:12] "GET /static/admin/js/prepopulate.js HTTP/1.1" 200 1538
[12/Jan/2017 11:19:12] "GET /admin/jsi18n/ HTTP/1.1" 200 3217
[12/Jan/2017 11:19:12] "GET /static/admin/js/vendor/xregexp/xregexp.min.js HTTP/1.1" 200 62474
[12/Jan/2017 11:19:12] "GET /static/admin/js/vendor/jquery/jquery.js HTTP/1.1" 200 247597
[12/Jan/2017 11:19:12] "GET /static/admin/img/tooltag-add.svg HTTP/1.1" 200 331
[12/Jan/2017 11:19:13] "GET /admin/tycoon/avatar/1/change/ HTTP/1.1" 200 8462
[12/Jan/2017 11:19:13] "GET /static/admin/css/forms.css HTTP/1.1" 200 7750
[12/Jan/2017 11:19:13] "GET /admin/jsi18n/ HTTP/1.1" 200 3217
[12/Jan/2017 11:19:13] "GET /static/admin/css/widgets.css HTTP/1.1" 200 10340
[12/Jan/2017 11:19:17] "GET /admin/tycoon/ HTTP/1.1" 200 3819
[12/Jan/2017 11:19:20] "GET /admin/tycoon/contain/ HTTP/1.1" 200 5746
[12/Jan/2017 11:19:20] "GET /admin/jsi18n/ HTTP/1.1" 200 3217
[12/Jan/2017 11:19:21] "GET /admin/tycoon/contain/add/ HTTP/1.1" 200 6165
[12/Jan/2017 11:19:21] "GET /admin/jsi18n/ HTTP/1.1" 200 3217
[12/Jan/2017 11:19:25] "POST /admin/tycoon/contain/add/ HTTP/1.1" 302 0
[12/Jan/2017 11:19:25] "GET /admin/tycoon/contain/ HTTP/1.1" 200 6130
[12/Jan/2017 11:19:25] "GET /admin/jsi18n/ HTTP/1.1" 200 3217
[12/Jan/2017 11:19:25] "GET /static/admin/img/icon-yes.svg HTTP/1.1" 200 436
[12/Jan/2017 11:19:27] "GET /combination HTTP/1.1" 200 6378
[12/Jan/2017 11:26:42] "GET /combination HTTP/1.1" 200 6378
Not Found: /favicon.ico
[13/Jan/2017 01:58:09] "GET /favicon.ico HTTP/1.1" 404 2554
[13/Jan/2017 02:01:47] "GET /combination HTTP/1.1" 200 6378
[13/Jan/2017 02:01:48] "GET /static/tycoon/style.css HTTP/1.1" 304 0
[13/Jan/2017 02:01:48] "GET /media/images/icon/jangjjal.png HTTP/1.1" 304 0
[13/Jan/2017 02:01:48] "GET /static/tycoon/plus.png HTTP/1.1" 304 0
[13/Jan/2017 02:01:48] "GET /media/images/icon/youngjjal.png HTTP/1.1" 304 0
[13/Jan/2017 02:01:48] "GET /media/images/icon/soju.png HTTP/1.1" 304 0
[13/Jan/2017 02:01:48] "GET /media/images/icon/couple.png HTTP/1.1" 304 0
[13/Jan/2017 02:01:48] "GET /static/tycoon/poapper.png HTTP/1.1" 304 0
[13/Jan/2017 02:28:21] "GET /combination HTTP/1.1" 200 6378
[13/Jan/2017 02:28:21] "GET /static/tycoon/style.css HTTP/1.1" 200 1138
[13/Jan/2017 02:28:21] "GET /media/images/icon/jangjjal.png HTTP/1.1" 200 19746
[13/Jan/2017 02:28:21] "GET /static/tycoon/plus.png HTTP/1.1" 200 2825
[13/Jan/2017 02:28:21] "GET /media/images/icon/youngjjal.png HTTP/1.1" 200 20055
[13/Jan/2017 02:28:21] "GET /media/images/icon/soju.png HTTP/1.1" 200 19249
[13/Jan/2017 02:28:21] "GET /media/images/icon/couple.png HTTP/1.1" 200 19738
[13/Jan/2017 02:28:21] "GET /static/tycoon/poapper.png HTTP/1.1" 200 45426
Not Found: /favicon.ico
[13/Jan/2017 02:28:21] "GET /favicon.ico HTTP/1.1" 404 2554
Not Found: /favicon.ico
[13/Jan/2017 04:25:28] "GET /favicon.ico HTTP/1.1" 404 2554
